<?xml version="1.0" encoding="UTF-8"?>
<!-- Generated by org.testng.reporters.JUnitXMLReporter -->
<testsuite ignored="0" hostname="DESKTOP-VNJA5NF" failures="1" tests="2" name="Test" time="45.131" errors="0" timestamp="2022-10-06T17:06:11 IST">
  <testcase classname="test.NewTest" name="f" time="3.915"/>
  <testcase classname="test.NewTest2" name="f" time="1.128">
    <failure type="java.lang.AssertionError" message="expected [Adactin.com - Search Hotel] but found [Adactin.com - Hotel Reservation System]">
      <![CDATA[java.lang.AssertionError: expected [Adactin.com - Search Hotel] but found [Adactin.com - Hotel Reservation System]
at test.NewTest2.f(NewTest2.java:22)
at java.base/java.util.ArrayList.forEach(ArrayList.java:1511)
... Removed 33 stack frames]]>
    </failure>
  </testcase> <!-- f -->
</testsuite> <!-- Test -->
