<?xml version="1.0" encoding="UTF-8"?>
<testng-results ignored="0" total="1" passed="1" failed="0" skipped="0">
  <reporter-output>
  </reporter-output>
  <suite started-at="2022-10-06T16:16:03 IST" name="test.NewTest" finished-at="2022-10-06T16:16:58 IST" duration-ms="55325">
    <groups>
    </groups>
    <test started-at="2022-10-06T16:16:03 IST" name="Command line test" finished-at="2022-10-06T16:16:58 IST" duration-ms="55325">
      <class name="test.NewTest">
        <test-method is-config="true" signature="beforeTest()[pri:0, instance:test.NewTest@740773a3]" started-at="2022-10-06T16:16:03 IST" name="beforeTest" finished-at="2022-10-06T16:16:51 IST" duration-ms="48081" status="PASS">
          <reporter-output>
          </reporter-output>
        </test-method> <!-- beforeTest -->
        <test-method signature="f()[pri:0, instance:test.NewTest@740773a3]" started-at="2022-10-06T16:16:51 IST" name="f" finished-at="2022-10-06T16:16:56 IST" duration-ms="4643" status="PASS">
          <reporter-output>
          </reporter-output>
        </test-method> <!-- f -->
        <test-method is-config="true" signature="afterTest()[pri:0, instance:test.NewTest@740773a3]" started-at="2022-10-06T16:16:56 IST" name="afterTest" finished-at="2022-10-06T16:16:58 IST" duration-ms="2192" status="PASS">
          <reporter-output>
          </reporter-output>
        </test-method> <!-- afterTest -->
      </class> <!-- test.NewTest -->
    </test> <!-- Command line test -->
  </suite> <!-- test.NewTest -->
</testng-results>
